2018/04/04 10:50:42 [I]                                                                                                ！！当前运行模式为：[ 客户端 ] 模式！！
2018/04/04 10:51:13 [I]                                                                                                ！！当前运行模式为：[ 单机 ] 模式！！
2018/04/04 10:51:26 [W]  *     —— 亲，任务列表不能为空哦~
2018/04/04 10:51:28 [W]  *     —— 亲，任务列表不能为空哦~
2018/04/04 10:51:28 [W]  *     —— 亲，任务列表不能为空哦~
2018/04/04 10:51:29 [W]  *     —— 亲，任务列表不能为空哦~
2018/04/04 10:51:48 [W]  *     —— 亲，任务列表不能为空哦~
2018/04/04 11:10:32 [W]  *     —— 亲，任务列表不能为空哦~
2018/04/04 11:10:33 [W]  *     —— 亲，任务列表不能为空哦~
2018/04/04 11:10:33 [W]  *     —— 亲，任务列表不能为空哦~
2018/04/04 11:10:33 [W]  *     —— 亲，任务列表不能为空哦~
2018/04/04 11:10:33 [W]  *     —— 亲，任务列表不能为空哦~
2018/04/04 11:10:52 [W]  *     —— 亲，任务列表不能为空哦~
2018/04/04 11:10:54 [W]  *     —— 亲，任务列表不能为空哦~
2018/04/04 11:10:54 [W]  *     —— 亲，任务列表不能为空哦~
2018/04/04 11:10:54 [W]  *     —— 亲，任务列表不能为空哦~
2018/04/04 11:10:54 [W]  *     —— 亲，任务列表不能为空哦~
2018/04/04 11:11:01 [W]  *     —— 亲，任务列表不能为空哦~
2018/04/04 11:11:02 [W]  *     —— 亲，任务列表不能为空哦~
2018/04/04 11:11:02 [W]  *     —— 亲，任务列表不能为空哦~
2018/04/04 11:11:02 [W]  *     —— 亲，任务列表不能为空哦~
2018/04/04 11:11:02 [W]  *     —— 亲，任务列表不能为空哦~
2018/04/04 11:11:02 [W]  *     —— 亲，任务列表不能为空哦~
2018/04/04 11:11:03 [W]  *     —— 亲，任务列表不能为空哦~
2018/04/04 11:11:03 [W]  *     —— 亲，任务列表不能为空哦~
2018/04/04 11:11:22 [I]                                                                                                ！！当前运行模式为：[ 客户端 ] 模式！！
2018/04/04 11:11:29 [E] close of nil channel
2018/04/04 11:12:07 [I]                                                                                                ！！当前运行模式为：[ 服务器 ] 模式！！
2018/04/04 11:12:16 [W] 本批任务无需填写自定义配置！

2018/04/04 11:12:16 [W]  *     —— 亲，任务列表不能为空哦~
